<?xml version="1.0" encoding="UTF-8" ?>
<testsuite tests="4" failures="0" name="jeejava.rest.SpringRestControllerTest" time="1.667" errors="0" skipped="0">
  <properties>
[...]
</properties>
  <testcase classname="jeejava.rest.SpringRestControllerTest" name="testSaveUser" time="1.334"/>
  <testcase classname="jeejava.rest.SpringRestControllerTest" name="testUpdateUser" time="0.108"/>
  <testcase classname="jeejava.rest.SpringRestControllerTest" name="testDeleteUserByid" time="0.064"/>
  <testcase classname="jeejava.rest.SpringRestControllerTest" name="testGetUserById" time="0.161"/>
</testsuite>